<?xml version="1.0" encoding="UTF-8"?>
<!-- Generated by org.testng.reporters.JUnitReportReporter -->
<testsuite skipped="0" hostname="minds" name="com.wordpress.Testcases.VerifyWordpressLogin" tests="1" failures="0" timestamp="05 Jul 2018 06:49:30 GMT" time="115.281" errors="0">
  <testcase name="verifyValidLogin" time="115.281" classname="com.wordpress.Testcases.VerifyWordpressLogin"/>
</testsuite> <!-- com.wordpress.Testcases.VerifyWordpressLogin -->
