<?xml version="1.0" encoding="UTF-8"?>
<!-- Generated by org.testng.reporters.JUnitReportReporter -->
<testsuite skipped="0" hostname="minds" name="com.wordpress.Testcases.VerifyWordpressLogin1" tests="1" failures="0" timestamp="05 Jul 2018 06:53:54 GMT" time="24.237" errors="0">
  <testcase name="verifyValidLogin" time="24.237" classname="com.wordpress.Testcases.VerifyWordpressLogin1"/>
</testsuite> <!-- com.wordpress.Testcases.VerifyWordpressLogin1 -->
